SLF4J: Class path contains multiple SLF4J bindings.
SLF4J: Found binding in [jar:file:/C:/Users/Shweta/AppData/Roaming/Code/User/globalStorage/pleiades.java-extension-pack-jdk/maven/latest/lib/maven-slf4j-provider-3.9.12.jar!/org/slf4j/impl/StaticLoggerBinder.class]
SLF4J: Found binding in [jar:file:/C:/Users/Shweta/AppData/Roaming/Code/User/globalStorage/pleiades.java-extension-pack-jdk/maven/latest/lib/maven-slf4j-provider-3.9.14.jar!/org/slf4j/impl/StaticLoggerBinder.class]
SLF4J: Found binding in [jar:file:/C:/Users/Shweta/AppData/Roaming/Code/User/globalStorage/pleiades.java-extension-pack-jdk/maven/latest/lib/maven-slf4j-provider-3.9.15.jar!/org/slf4j/impl/StaticLoggerBinder.class]
SLF4J: Found binding in [jar:file:/C:/Users/Shweta/AppData/Roaming/Code/User/globalStorage/pleiades.java-extension-pack-jdk/maven/latest/lib/maven-slf4j-provider-3.9.16.jar!/org/slf4j/impl/StaticLoggerBinder.class]
SLF4J: See http://www.slf4j.org/codes.html#multiple_bindings for an explanation.
SLF4J: Actual binding is of type [org.slf4j.impl.MavenSimpleLoggerFactory]
SLF4J: Class path contains multiple SLF4J bindings.
SLF4J: Found binding in [jar:file:/C:/Users/Shweta/AppData/Roaming/Code/User/globalStorage/pleiades.java-extension-pack-jdk/maven/latest/lib/maven-slf4j-provider-3.9.12.jar!/org/slf4j/impl/StaticLoggerBinder.class]
SLF4J: Found binding in [jar:file:/C:/Users/Shweta/AppData/Roaming/Code/User/globalStorage/pleiades.java-extension-pack-jdk/maven/latest/lib/maven-slf4j-provider-3.9.14.jar!/org/slf4j/impl/StaticLoggerBinder.class]
SLF4J: Found binding in [jar:file:/C:/Users/Shweta/AppData/Roaming/Code/User/globalStorage/pleiades.java-extension-pack-jdk/maven/latest/lib/maven-slf4j-provider-3.9.15.jar!/org/slf4j/impl/StaticLoggerBinder.class]
SLF4J: Found binding in [jar:file:/C:/Users/Shweta/AppData/Roaming/Code/User/globalStorage/pleiades.java-extension-pack-jdk/maven/latest/lib/maven-slf4j-provider-3.9.16.jar!/org/slf4j/impl/StaticLoggerBinder.class]
SLF4J: See http://www.slf4j.org/codes.html#multiple_bindings for an explanation.
SLF4J: Actual binding is of type [org.slf4j.impl.MavenSimpleLoggerFactory]
[INFO] Error stacktraces are turned on.
[INFO] Scanning for projects...
[INFO] 
[INFO] -----------------------< com.smartroll:backend >------------------------
[INFO] Building SmartRoll Backend 0.0.1
[INFO]   from pom.xml
[INFO] --------------------------------[ jar ]---------------------------------
[INFO] 
[INFO] >>> spring-boot:3.3.4:run (default-cli) > test-compile @ backend >>>
[INFO] 
[INFO] --- resources:3.3.1:resources (default-resources) @ backend ---
[INFO] Copying 1 resource from src\main\resources to target\classes
[INFO] Copying 0 resource from src\main\resources to target\classes
[INFO] 
[INFO] --- compiler:3.13.0:compile (default-compile) @ backend ---
[INFO] Recompiling the module because of changed source code.
